# JRE version: Java(TM) SE Runtime Environment (8.0_181-b13) (build 1.8.0_181-b13)
# Java VM: Java HotSpot(TM) 64-Bit Server VM (25.181-b13 mixed mode windows-amd64 compressed oops)
Heap:
 PSYoungGen      total 94720K, used 82624K [0x000000076af80000, 0x0000000773700000, 0x00000007c0000000)
  eden space 56832K, 97% used [0x000000076af80000,0x000000076e580f00,0x000000076e700000)
  from space 37888K, 72% used [0x000000076e800000,0x00000007702af428,0x0000000770d00000)
  to   space 40960K, 0% used [0x0000000770f00000,0x0000000770f00000,0x0000000773700000)
 ParOldGen       total 175104K, used 66249K [0x00000006c0e00000, 0x00000006cb900000, 0x000000076af80000)
  object space 175104K, 37% used [0x00000006c0e00000,0x00000006c4eb2408,0x00000006cb900000)
 Metaspace       used 12111K, capacity 12733K, committed 12928K, reserved 1060864K
  class space    used 1198K, capacity 1382K, committed 1408K, reserved 1048576K
GC Heap History (10 events):
Event: 7.154 GC heap before
{Heap before GC invocations=83 (full 40):
 PSYoungGen      total 76288K, used 76274K [0x000000076af80000, 0x0000000770480000, 0x00000007c0000000)
  eden space 65536K, 100% used [0x000000076af80000,0x000000076ef80000,0x000000076ef80000)
  from space 10752K, 99% used [0x000000076fa00000,0x000000077047c9e0,0x0000000770480000)
  to   space 10752K, 0% used [0x000000076ef80000,0x000000076ef80000,0x000000076fa00000)
 ParOldGen       total 175104K, used 10253K [0x00000006c0e00000, 0x00000006cb900000, 0x000000076af80000)
  object space 175104K, 5% used [0x00000006c0e00000,0x00000006c1803430,0x00000006cb900000)
 Metaspace       used 12020K, capacity 12601K, committed 12672K, reserved 1060864K
  class space    used 1198K, capacity 1382K, committed 1408K, reserved 1048576K
Event: 7.168 GC heap after
Heap after GC invocations=83 (full 40):
 PSYoungGen      total 76288K, used 10748K [0x000000076af80000, 0x0000000770480000, 0x00000007c0000000)
  eden space 65536K, 0% used [0x000000076af80000,0x000000076af80000,0x000000076ef80000)
  from space 10752K, 99% used [0x000000076ef80000,0x000000076f9ff150,0x000000076fa00000)
  to   space 10752K, 0% used [0x000000076fa00000,0x000000076fa00000,0x0000000770480000)
 ParOldGen       total 175104K, used 26827K [0x00000006c0e00000, 0x00000006cb900000, 0x000000076af80000)
  object space 175104K, 15% used [0x00000006c0e00000,0x00000006c2832f78,0x00000006cb900000)
 Metaspace       used 12020K, capacity 12601K, committed 12672K, reserved 1060864K
  class space    used 1198K, capacity 1382K, committed 1408K, reserved 1048576K
}
Event: 10.171 GC heap before
{Heap before GC invocations=84 (full 40):
 PSYoungGen      total 76288K, used 76284K [0x000000076af80000, 0x0000000770480000, 0x00000007c0000000)
  eden space 65536K, 100% used [0x000000076af80000,0x000000076ef80000,0x000000076ef80000)
  from space 10752K, 99% used [0x000000076ef80000,0x000000076f9ff150,0x000000076fa00000)
  to   space 10752K, 0% used [0x000000076fa00000,0x000000076fa00000,0x0000000770480000)
 ParOldGen       total 175104K, used 26827K [0x00000006c0e00000, 0x00000006cb900000, 0x000000076af80000)
  object space 175104K, 15% used [0x00000006c0e00000,0x00000006c2832f78,0x00000006cb900000)
 Metaspace       used 12069K, capacity 12733K, committed 12928K, reserved 1060864K
  class space    used 1198K, capacity 1382K, committed 1408K, reserved 1048576K
Event: 10.183 GC heap after
Heap after GC invocations=84 (full 40):
 PSYoungGen      total 76288K, used 10738K [0x000000076af80000, 0x0000000770480000, 0x00000007c0000000)
  eden space 65536K, 0% used [0x000000076af80000,0x000000076af80000,0x000000076ef80000)
  from space 10752K, 99% used [0x000000076fa00000,0x000000077047ca08,0x0000000770480000)
  to   space 10752K, 0% used [0x000000076ef80000,0x000000076ef80000,0x000000076fa00000)
 ParOldGen       total 175104K, used 45294K [0x00000006c0e00000, 0x00000006cb900000, 0x000000076af80000)
  object space 175104K, 25% used [0x00000006c0e00000,0x00000006c3a3b808,0x00000006cb900000)
 Metaspace       used 12069K, capacity 12733K, committed 12928K, reserved 1060864K
  class space    used 1198K, capacity 1382K, committed 1408K, reserved 1048576K
}
Event: 13.365 GC heap before
{Heap before GC invocations=85 (full 40):
 PSYoungGen      total 76288K, used 76274K [0x000000076af80000, 0x0000000770480000, 0x00000007c0000000)
  eden space 65536K, 100% used [0x000000076af80000,0x000000076ef80000,0x000000076ef80000)
  from space 10752K, 99% used [0x000000076fa00000,0x000000077047ca08,0x0000000770480000)
  to   space 10752K, 0% used [0x000000076ef80000,0x000000076ef80000,0x000000076fa00000)
 ParOldGen       total 175104K, used 45294K [0x00000006c0e00000, 0x00000006cb900000, 0x000000076af80000)
  object space 175104K, 25% used [0x00000006c0e00000,0x00000006c3a3b808,0x00000006cb900000)
 Metaspace       used 12095K, capacity 12733K, committed 12928K, reserved 1060864K
  class space    used 1198K, capacity 1382K, committed 1408K, reserved 1048576K
Event: 13.389 GC heap after
Heap after GC invocations=85 (full 40):
 PSYoungGen      total 74752K, used 10735K [0x000000076af80000, 0x0000000772c00000, 0x00000007c0000000)
  eden space 64000K, 0% used [0x000000076af80000,0x000000076af80000,0x000000076ee00000)
  from space 10752K, 99% used [0x000000076ef80000,0x000000076f9fbe20,0x000000076fa00000)
  to   space 31744K, 0% used [0x0000000770d00000,0x0000000770d00000,0x0000000772c00000)
 ParOldGen       total 175104K, used 64144K [0x00000006c0e00000, 0x00000006cb900000, 0x000000076af80000)
  object space 175104K, 36% used [0x00000006c0e00000,0x00000006c4ca41d8,0x00000006cb900000)
 Metaspace       used 12095K, capacity 12733K, committed 12928K, reserved 1060864K
  class space    used 1198K, capacity 1382K, committed 1408K, reserved 1048576K
}
Event: 16.509 GC heap before
{Heap before GC invocations=86 (full 40):
 PSYoungGen      total 74752K, used 74735K [0x000000076af80000, 0x0000000772c00000, 0x00000007c0000000)
  eden space 64000K, 100% used [0x000000076af80000,0x000000076ee00000,0x000000076ee00000)
  from space 10752K, 99% used [0x000000076ef80000,0x000000076f9fbe20,0x000000076fa00000)
  to   space 31744K, 0% used [0x0000000770d00000,0x0000000770d00000,0x0000000772c00000)
 ParOldGen       total 175104K, used 64144K [0x00000006c0e00000, 0x00000006cb900000, 0x000000076af80000)
  object space 175104K, 36% used [0x00000006c0e00000,0x00000006c4ca41d8,0x00000006cb900000)
 Metaspace       used 12109K, capacity 12733K, committed 12928K, reserved 1060864K
  class space    used 1198K, capacity 1382K, committed 1408K, reserved 1048576K
Event: 16.535 GC heap after
Heap after GC invocations=86 (full 40):
 PSYoungGen      total 89600K, used 31711K [0x000000076af80000, 0x0000000773680000, 0x00000007c0000000)
  eden space 57856K, 0% used [0x000000076af80000,0x000000076af80000,0x000000076e800000)
  from space 31744K, 99% used [0x0000000770d00000,0x0000000772bf7e10,0x0000000772c00000)
  to   space 37888K, 0% used [0x000000076e800000,0x000000076e800000,0x0000000770d00000)
 ParOldGen       total 175104K, used 64152K [0x00000006c0e00000, 0x00000006cb900000, 0x000000076af80000)
  object space 175104K, 36% used [0x00000006c0e00000,0x00000006c4ca61d8,0x00000006cb900000)
 Metaspace       used 12109K, capacity 12733K, committed 12928K, reserved 1060864K
  class space    used 1198K, capacity 1382K, committed 1408K, reserved 1048576K
}
Event: 19.392 GC heap before
{Heap before GC invocations=87 (full 40):
 PSYoungGen      total 89600K, used 89567K [0x000000076af80000, 0x0000000773680000, 0x00000007c0000000)
  eden space 57856K, 100% used [0x000000076af80000,0x000000076e800000,0x000000076e800000)
  from space 31744K, 99% used [0x0000000770d00000,0x0000000772bf7e10,0x0000000772c00000)
  to   space 37888K, 0% used [0x000000076e800000,0x000000076e800000,0x0000000770d00000)
 ParOldGen       total 175104K, used 64152K [0x00000006c0e00000, 0x00000006cb900000, 0x000000076af80000)
  object space 175104K, 36% used [0x00000006c0e00000,0x00000006c4ca61d8,0x00000006cb900000)
 Metaspace       used 12111K, capacity 12733K, committed 12928K, reserved 1060864K
  class space    used 1198K, capacity 1382K, committed 1408K, reserved 1048576K
Event: 19.410 GC heap after
Heap after GC invocations=87 (full 40):
 PSYoungGen      total 94720K, used 27325K [0x000000076af80000, 0x0000000773700000, 0x00000007c0000000)
  eden space 56832K, 0% used [0x000000076af80000,0x000000076af80000,0x000000076e700000)
  from space 37888K, 72% used [0x000000076e800000,0x00000007702af428,0x0000000770d00000)
  to   space 40960K, 0% used [0x0000000770f00000,0x0000000770f00000,0x0000000773700000)
 ParOldGen       total 175104K, used 66249K [0x00000006c0e00000, 0x00000006cb900000, 0x000000076af80000)
  object space 175104K, 37% used [0x00000006c0e00000,0x00000006c4eb2408,0x00000006cb900000)
 Metaspace       used 12111K, capacity 12733K, committed 12928K, reserved 1060864K
  class space    used 1198K, capacity 1382K, committed 1408K, reserved 1048576K
}

