# JRE version: Java(TM) SE Runtime Environment (8.0_251-b08) (build 1.8.0_251-b08)
# Java VM: Java HotSpot(TM) 64-Bit Server VM (25.251-b08 mixed mode windows-amd64 compressed oops)
Heap:
 PSYoungGen      total 35840K, used 21968K [0x00000000d6800000, 0x00000000d9700000, 0x0000000100000000)
  eden space 23552K, 42% used [0x00000000d6800000,0x00000000d71cc210,0x00000000d7f00000)
  from space 12288K, 97% used [0x00000000d7f00000,0x00000000d8aa8000,0x00000000d8b00000)
  to   space 12288K, 0% used [0x00000000d8b00000,0x00000000d8b00000,0x00000000d9700000)
 ParOldGen       total 86016K, used 65988K [0x0000000083800000, 0x0000000088c00000, 0x00000000d6800000)
  object space 86016K, 76% used [0x0000000083800000,0x00000000878713f0,0x0000000088c00000)
 Metaspace       used 12099K, capacity 12723K, committed 12928K, reserved 1060864K
  class space    used 1191K, capacity 1382K, committed 1408K, reserved 1048576K
GC Heap History (10 events):
Event: 404.485 GC heap before
{Heap before GC invocations=245 (full 2):
 PSYoungGen      total 35840K, used 35520K [0x00000000d6800000, 0x00000000d9700000, 0x0000000100000000)
  eden space 23552K, 100% used [0x00000000d6800000,0x00000000d7f00000,0x00000000d7f00000)
  from space 12288K, 97% used [0x00000000d8b00000,0x00000000d96b0000,0x00000000d9700000)
  to   space 12288K, 0% used [0x00000000d7f00000,0x00000000d7f00000,0x00000000d8b00000)
 ParOldGen       total 86016K, used 65400K [0x0000000083800000, 0x0000000088c00000, 0x00000000d6800000)
  object space 86016K, 76% used [0x0000000083800000,0x00000000877de018,0x0000000088c00000)
 Metaspace       used 12099K, capacity 12723K, committed 12928K, reserved 1060864K
  class space    used 1191K, capacity 1382K, committed 1408K, reserved 1048576K
Event: 404.489 GC heap after
Heap after GC invocations=245 (full 2):
 PSYoungGen      total 35840K, used 12032K [0x00000000d6800000, 0x00000000d9700000, 0x0000000100000000)
  eden space 23552K, 0% used [0x00000000d6800000,0x00000000d6800000,0x00000000d7f00000)
  from space 12288K, 97% used [0x00000000d7f00000,0x00000000d8ac0000,0x00000000d8b00000)
  to   space 12288K, 0% used [0x00000000d8b00000,0x00000000d8b00000,0x00000000d9700000)
 ParOldGen       total 86016K, used 65504K [0x0000000083800000, 0x0000000088c00000, 0x00000000d6800000)
  object space 86016K, 76% used [0x0000000083800000,0x00000000877f83c8,0x0000000088c00000)
 Metaspace       used 12099K, capacity 12723K, committed 12928K, reserved 1060864K
  class space    used 1191K, capacity 1382K, committed 1408K, reserved 1048576K
}
Event: 405.867 GC heap before
{Heap before GC invocations=246 (full 2):
 PSYoungGen      total 35840K, used 35584K [0x00000000d6800000, 0x00000000d9700000, 0x0000000100000000)
  eden space 23552K, 100% used [0x00000000d6800000,0x00000000d7f00000,0x00000000d7f00000)
  from space 12288K, 97% used [0x00000000d7f00000,0x00000000d8ac0000,0x00000000d8b00000)
  to   space 12288K, 0% used [0x00000000d8b00000,0x00000000d8b00000,0x00000000d9700000)
 ParOldGen       total 86016K, used 65504K [0x0000000083800000, 0x0000000088c00000, 0x00000000d6800000)
  object space 86016K, 76% used [0x0000000083800000,0x00000000877f83c8,0x0000000088c00000)
 Metaspace       used 12099K, capacity 12723K, committed 12928K, reserved 1060864K
  class space    used 1191K, capacity 1382K, committed 1408K, reserved 1048576K
Event: 405.871 GC heap after
Heap after GC invocations=246 (full 2):
 PSYoungGen      total 35840K, used 12032K [0x00000000d6800000, 0x00000000d9700000, 0x0000000100000000)
  eden space 23552K, 0% used [0x00000000d6800000,0x00000000d6800000,0x00000000d7f00000)
  from space 12288K, 97% used [0x00000000d8b00000,0x00000000d96c0000,0x00000000d9700000)
  to   space 12288K, 0% used [0x00000000d7f00000,0x00000000d7f00000,0x00000000d8b00000)
 ParOldGen       total 86016K, used 65641K [0x0000000083800000, 0x0000000088c00000, 0x00000000d6800000)
  object space 86016K, 76% used [0x0000000083800000,0x000000008781a778,0x0000000088c00000)
 Metaspace       used 12099K, capacity 12723K, committed 12928K, reserved 1060864K
  class space    used 1191K, capacity 1382K, committed 1408K, reserved 1048576K
}
Event: 407.677 GC heap before
{Heap before GC invocations=247 (full 2):
 PSYoungGen      total 35840K, used 35584K [0x00000000d6800000, 0x00000000d9700000, 0x0000000100000000)
  eden space 23552K, 100% used [0x00000000d6800000,0x00000000d7f00000,0x00000000d7f00000)
  from space 12288K, 97% used [0x00000000d8b00000,0x00000000d96c0000,0x00000000d9700000)
  to   space 12288K, 0% used [0x00000000d7f00000,0x00000000d7f00000,0x00000000d8b00000)
 ParOldGen       total 86016K, used 65641K [0x0000000083800000, 0x0000000088c00000, 0x00000000d6800000)
  object space 86016K, 76% used [0x0000000083800000,0x000000008781a778,0x0000000088c00000)
 Metaspace       used 12099K, capacity 12723K, committed 12928K, reserved 1060864K
  class space    used 1191K, capacity 1382K, committed 1408K, reserved 1048576K
Event: 407.682 GC heap after
Heap after GC invocations=247 (full 2):
 PSYoungGen      total 35840K, used 12032K [0x00000000d6800000, 0x00000000d9700000, 0x0000000100000000)
  eden space 23552K, 0% used [0x00000000d6800000,0x00000000d6800000,0x00000000d7f00000)
  from space 12288K, 97% used [0x00000000d7f00000,0x00000000d8ac0000,0x00000000d8b00000)
  to   space 12288K, 0% used [0x00000000d8b00000,0x00000000d8b00000,0x00000000d9700000)
 ParOldGen       total 86016K, used 65755K [0x0000000083800000, 0x0000000088c00000, 0x00000000d6800000)
  object space 86016K, 76% used [0x0000000083800000,0x0000000087836cc0,0x0000000088c00000)
 Metaspace       used 12099K, capacity 12723K, committed 12928K, reserved 1060864K
  class space    used 1191K, capacity 1382K, committed 1408K, reserved 1048576K
}
Event: 408.954 GC heap before
{Heap before GC invocations=248 (full 2):
 PSYoungGen      total 35840K, used 35584K [0x00000000d6800000, 0x00000000d9700000, 0x0000000100000000)
  eden space 23552K, 100% used [0x00000000d6800000,0x00000000d7f00000,0x00000000d7f00000)
  from space 12288K, 97% used [0x00000000d7f00000,0x00000000d8ac0000,0x00000000d8b00000)
  to   space 12288K, 0% used [0x00000000d8b00000,0x00000000d8b00000,0x00000000d9700000)
 ParOldGen       total 86016K, used 65755K [0x0000000083800000, 0x0000000088c00000, 0x00000000d6800000)
  object space 86016K, 76% used [0x0000000083800000,0x0000000087836cc0,0x0000000088c00000)
 Metaspace       used 12099K, capacity 12723K, committed 12928K, reserved 1060864K
  class space    used 1191K, capacity 1382K, committed 1408K, reserved 1048576K
Event: 408.959 GC heap after
Heap after GC invocations=248 (full 2):
 PSYoungGen      total 35840K, used 12032K [0x00000000d6800000, 0x00000000d9700000, 0x0000000100000000)
  eden space 23552K, 0% used [0x00000000d6800000,0x00000000d6800000,0x00000000d7f00000)
  from space 12288K, 97% used [0x00000000d8b00000,0x00000000d96c0000,0x00000000d9700000)
  to   space 12288K, 0% used [0x00000000d7f00000,0x00000000d7f00000,0x00000000d8b00000)
 ParOldGen       total 86016K, used 65859K [0x0000000083800000, 0x0000000088c00000, 0x00000000d6800000)
  object space 86016K, 76% used [0x0000000083800000,0x0000000087850cc0,0x0000000088c00000)
 Metaspace       used 12099K, capacity 12723K, committed 12928K, reserved 1060864K
  class space    used 1191K, capacity 1382K, committed 1408K, reserved 1048576K
}
Event: 410.467 GC heap before
{Heap before GC invocations=249 (full 2):
 PSYoungGen      total 35840K, used 35584K [0x00000000d6800000, 0x00000000d9700000, 0x0000000100000000)
  eden space 23552K, 100% used [0x00000000d6800000,0x00000000d7f00000,0x00000000d7f00000)
  from space 12288K, 97% used [0x00000000d8b00000,0x00000000d96c0000,0x00000000d9700000)
  to   space 12288K, 0% used [0x00000000d7f00000,0x00000000d7f00000,0x00000000d8b00000)
 ParOldGen       total 86016K, used 65859K [0x0000000083800000, 0x0000000088c00000, 0x00000000d6800000)
  object space 86016K, 76% used [0x0000000083800000,0x0000000087850cc0,0x0000000088c00000)
 Metaspace       used 12099K, capacity 12723K, committed 12928K, reserved 1060864K
  class space    used 1191K, capacity 1382K, committed 1408K, reserved 1048576K
Event: 410.473 GC heap after
Heap after GC invocations=249 (full 2):
 PSYoungGen      total 35840K, used 11936K [0x00000000d6800000, 0x00000000d9700000, 0x0000000100000000)
  eden space 23552K, 0% used [0x00000000d6800000,0x00000000d6800000,0x00000000d7f00000)
  from space 12288K, 97% used [0x00000000d7f00000,0x00000000d8aa8000,0x00000000d8b00000)
  to   space 12288K, 0% used [0x00000000d8b00000,0x00000000d8b00000,0x00000000d9700000)
 ParOldGen       total 86016K, used 65988K [0x0000000083800000, 0x0000000088c00000, 0x00000000d6800000)
  object space 86016K, 76% used [0x0000000083800000,0x00000000878713f0,0x0000000088c00000)
 Metaspace       used 12099K, capacity 12723K, committed 12928K, reserved 1060864K
  class space    used 1191K, capacity 1382K, committed 1408K, reserved 1048576K
}

