-------------------------------------------------------------------------------
Test set: group7.collision.CollisionDetectorTest
-------------------------------------------------------------------------------
Tests run: 1, Failures: 0, Errors: 1, Skipped: 0, Time elapsed: 0.183 s <<< FAILURE! - in group7.collision.CollisionDetectorTest
group7.collision.CollisionDetectorTest.testProcess  Time elapsed: 0.132 s  <<< ERROR!
java.lang.NullPointerException
	at group7.collision.CollisionDetectorTest.setUp(CollisionDetectorTest.java:73)

